<?xml version="1.0" encoding="UTF-8"?>
<testsuite xmlns:xsi="http://www.w3.org/2001/XMLSchema-instance" xsi:noNamespaceSchemaLocation="https://maven.apache.org/surefire/maven-surefire-plugin/xsd/surefire-test-report.xsd" name="sonarqube.mavensonar.TestSonar" time="1.563" tests="2" errors="0" skipped="0" failures="0">
  <properties>
[...]
</properties>
  <testcase name="test1" classname="sonarqube.mavensonar.TestSonar" time="0.033"/>
  <testcase name="test2" classname="sonarqube.mavensonar.TestSonar" time="0"/>
</testsuite>