<?xml version="1.0" encoding="UTF-8"?>
<testng-results skipped="0" failed="0" ignored="0" total="2" passed="2">
  <reporter-output>
  </reporter-output>
  <suite name="Surefire suite" duration-ms="117" started-at="2020-06-06T13:46:53Z" finished-at="2020-06-06T13:46:53Z">
    <groups>
    </groups>
    <test name="Surefire test" duration-ms="117" started-at="2020-06-06T13:46:53Z" finished-at="2020-06-06T13:46:53Z">
      <class name="sonarqube.mavensonar.TestSonar">
        <test-method status="PASS" signature="test1()[pri:0, instance:sonarqube.mavensonar.TestSonar@55ecbafe]" name="test1" duration-ms="35" started-at="2020-06-06T13:46:53Z" finished-at="2020-06-06T13:46:53Z">
          <reporter-output>
          </reporter-output>
        </test-method> <!-- test1 -->
        <test-method status="PASS" signature="test2()[pri:0, instance:sonarqube.mavensonar.TestSonar@55ecbafe]" name="test2" duration-ms="0" started-at="2020-06-06T13:46:53Z" finished-at="2020-06-06T13:46:53Z">
          <reporter-output>
          </reporter-output>
        </test-method> <!-- test2 -->
      </class> <!-- sonarqube.mavensonar.TestSonar -->
    </test> <!-- Surefire test -->
  </suite> <!-- Surefire suite -->
</testng-results>
