<?xml version="1.0" encoding="UTF-8"?>
<testng-results skipped="0" failed="0" ignored="0" total="2" passed="2">
  <reporter-output>
  </reporter-output>
  <suite name="Default suite" duration-ms="91" started-at="2020-06-06T19:00:00 IST" finished-at="2020-06-06T19:00:00 IST">
    <groups>
    </groups>
    <test name="Default test" duration-ms="91" started-at="2020-06-06T19:00:00 IST" finished-at="2020-06-06T19:00:00 IST">
      <class name="sonarqube.mavensonar.TestSonar">
        <test-method status="PASS" signature="test1()[pri:0, instance:sonarqube.mavensonar.TestSonar@dbd940d]" name="test1" duration-ms="20" started-at="2020-06-06T19:00:00 IST" finished-at="2020-06-06T19:00:00 IST">
          <reporter-output>
          </reporter-output>
        </test-method> <!-- test1 -->
        <test-method status="PASS" signature="test2()[pri:0, instance:sonarqube.mavensonar.TestSonar@dbd940d]" name="test2" duration-ms="3" started-at="2020-06-06T19:00:00 IST" finished-at="2020-06-06T19:00:00 IST">
          <reporter-output>
          </reporter-output>
        </test-method> <!-- test2 -->
      </class> <!-- sonarqube.mavensonar.TestSonar -->
    </test> <!-- Default test -->
  </suite> <!-- Default suite -->
</testng-results>
